2015-10-21 14:24:56,375 - Log4JLogChute initialized using file 'velocity.log'
2015-10-21 14:24:56,376 - Velocity was not initialized! Calling init()...
2015-10-21 14:24:56,376 - Starting Apache Velocity v1.5 (compiled: 2007-02-22 08:52:29)
2015-10-21 14:24:56,376 - Default Properties File: org/apache/velocity/runtime/defaults/velocity.properties
2015-10-21 14:24:56,376 - Trying to use logger class org.apache.velocity.runtime.log.AvalonLogChute
2015-10-21 14:24:56,376 - Couldn't find class org.apache.velocity.runtime.log.AvalonLogChute or necessary supporting classes in classpath.
java.lang.NoClassDefFoundError: org/apache/log/format/Formatter
	at java.lang.Class.forName0(Native Method)
	at java.lang.Class.forName(Class.java:348)
	at org.apache.velocity.util.ClassUtils.getClass(ClassUtils.java:63)
	at org.apache.velocity.util.ClassUtils.getNewInstance(ClassUtils.java:95)
	at org.apache.velocity.runtime.log.LogManager.createLogChute(LogManager.java:147)
	at org.apache.velocity.runtime.log.LogManager.updateLog(LogManager.java:208)
	at org.apache.velocity.runtime.RuntimeInstance.initializeLog(RuntimeInstance.java:728)
	at org.apache.velocity.runtime.RuntimeInstance.init(RuntimeInstance.java:240)
	at org.apache.velocity.runtime.RuntimeInstance.parse(RuntimeInstance.java:993)
	at org.apache.velocity.runtime.RuntimeInstance.parse(RuntimeInstance.java:972)
	at org.apache.velocity.runtime.RuntimeSingleton.parse(RuntimeSingleton.java:265)
	at org.apache.velocity.app.Velocity.evaluate(Velocity.java:274)
	at org.sonatype.mavenbook.weather.WeatherFormatter.format(WeatherFormatter.java:39)
	at org.sonatype.mavenbook.weather.WeatherFormatterTest.testFormat(WeatherFormatterTest.java:38)
	at sun.reflect.NativeMethodAccessorImpl.invoke0(Native Method)
	at sun.reflect.NativeMethodAccessorImpl.invoke(NativeMethodAccessorImpl.java:62)
	at sun.reflect.DelegatingMethodAccessorImpl.invoke(DelegatingMethodAccessorImpl.java:43)
	at java.lang.reflect.Method.invoke(Method.java:497)
	at junit.framework.TestCase.runTest(TestCase.java:176)
	at junit.framework.TestCase.runBare(TestCase.java:141)
	at junit.framework.TestResult$1.protect(TestResult.java:122)
	at junit.framework.TestResult.runProtected(TestResult.java:142)
	at junit.framework.TestResult.run(TestResult.java:125)
	at junit.framework.TestCase.run(TestCase.java:129)
	at junit.framework.TestSuite.runTest(TestSuite.java:252)
	at junit.framework.TestSuite.run(TestSuite.java:247)
	at org.junit.internal.runners.JUnit38ClassRunner.run(JUnit38ClassRunner.java:86)
	at org.apache.maven.surefire.junit4.JUnit4TestSet.execute(JUnit4TestSet.java:53)
	at org.apache.maven.surefire.junit4.JUnit4Provider.executeTestSet(JUnit4Provider.java:123)
	at org.apache.maven.surefire.junit4.JUnit4Provider.invoke(JUnit4Provider.java:104)
	at sun.reflect.NativeMethodAccessorImpl.invoke0(Native Method)
	at sun.reflect.NativeMethodAccessorImpl.invoke(NativeMethodAccessorImpl.java:62)
	at sun.reflect.DelegatingMethodAccessorImpl.invoke(DelegatingMethodAccessorImpl.java:43)
	at java.lang.reflect.Method.invoke(Method.java:497)
	at org.apache.maven.surefire.util.ReflectionUtils.invokeMethodWithArray(ReflectionUtils.java:164)
	at org.apache.maven.surefire.booter.ProviderFactory$ProviderProxy.invoke(ProviderFactory.java:110)
	at org.apache.maven.surefire.booter.SurefireStarter.invokeProvider(SurefireStarter.java:175)
	at org.apache.maven.surefire.booter.SurefireStarter.runSuitesInProcessWhenForked(SurefireStarter.java:107)
	at org.apache.maven.surefire.booter.ForkedBooter.main(ForkedBooter.java:68)
Caused by: java.lang.ClassNotFoundException: org.apache.log.format.Formatter
	at java.net.URLClassLoader.findClass(URLClassLoader.java:381)
	at java.lang.ClassLoader.loadClass(ClassLoader.java:424)
	at sun.misc.Launcher$AppClassLoader.loadClass(Launcher.java:331)
	at java.lang.ClassLoader.loadClass(ClassLoader.java:357)
	... 39 more
2015-10-21 14:24:56,378 - Trying to use logger class org.apache.velocity.runtime.log.Log4JLogChute
2015-10-21 14:24:56,378 - Using logger class org.apache.velocity.runtime.log.Log4JLogChute
2015-10-21 14:24:56,379 - Default ResourceManager initializing. (class org.apache.velocity.runtime.resource.ResourceManagerImpl)
2015-10-21 14:24:56,380 - ResourceLoader instantiated: org.apache.velocity.runtime.resource.loader.FileResourceLoader
2015-10-21 14:24:56,381 - Do unicode file recognition:  false
2015-10-21 14:24:56,381 - FileResourceLoader : adding path '.'
2015-10-21 14:24:56,388 - ResourceCache: initialized (class org.apache.velocity.runtime.resource.ResourceCacheImpl)
2015-10-21 14:24:56,389 - Loaded System Directive: org.apache.velocity.runtime.directive.Literal
2015-10-21 14:24:56,390 - Loaded System Directive: org.apache.velocity.runtime.directive.Macro
2015-10-21 14:24:56,391 - Loaded System Directive: org.apache.velocity.runtime.directive.Parse
2015-10-21 14:24:56,392 - Loaded System Directive: org.apache.velocity.runtime.directive.Include
2015-10-21 14:24:56,392 - Loaded System Directive: org.apache.velocity.runtime.directive.Foreach
2015-10-21 14:24:56,408 - Created '20' parsers.
2015-10-21 14:24:56,411 - Velocimacro : "velocimacro.library" is not set.  Trying default library: VM_global_library.vm
2015-10-21 14:24:56,411 - Velocimacro : Default library not found.
2015-10-21 14:24:56,411 - Velocimacro : allowInline = true : VMs can be defined inline in templates
2015-10-21 14:24:56,411 - Velocimacro : allowInlineToOverride = false : VMs defined inline may NOT replace previous VM definitions
2015-10-21 14:24:56,411 - Velocimacro : allowInlineLocal = false : VMs defined inline will be global in scope if allowed.
2015-10-21 14:24:56,411 - Velocimacro : autoload off : VM system will not automatically reload global library macros
2015-10-21 14:27:04,117 - Log4JLogChute initialized using file 'velocity.log'
2015-10-21 14:27:04,117 - Velocity was not initialized! Calling init()...
2015-10-21 14:27:04,117 - Starting Apache Velocity v1.5 (compiled: 2007-02-22 08:52:29)
2015-10-21 14:27:04,117 - Default Properties File: org/apache/velocity/runtime/defaults/velocity.properties
2015-10-21 14:27:04,117 - Trying to use logger class org.apache.velocity.runtime.log.AvalonLogChute
2015-10-21 14:27:04,118 - Couldn't find class org.apache.velocity.runtime.log.AvalonLogChute or necessary supporting classes in classpath.
java.lang.NoClassDefFoundError: org/apache/log/format/Formatter
	at java.lang.Class.forName0(Native Method)
	at java.lang.Class.forName(Class.java:348)
	at org.apache.velocity.util.ClassUtils.getClass(ClassUtils.java:63)
	at org.apache.velocity.util.ClassUtils.getNewInstance(ClassUtils.java:95)
	at org.apache.velocity.runtime.log.LogManager.createLogChute(LogManager.java:147)
	at org.apache.velocity.runtime.log.LogManager.updateLog(LogManager.java:208)
	at org.apache.velocity.runtime.RuntimeInstance.initializeLog(RuntimeInstance.java:728)
	at org.apache.velocity.runtime.RuntimeInstance.init(RuntimeInstance.java:240)
	at org.apache.velocity.runtime.RuntimeInstance.parse(RuntimeInstance.java:993)
	at org.apache.velocity.runtime.RuntimeInstance.parse(RuntimeInstance.java:972)
	at org.apache.velocity.runtime.RuntimeSingleton.parse(RuntimeSingleton.java:265)
	at org.apache.velocity.app.Velocity.evaluate(Velocity.java:274)
	at org.sonatype.mavenbook.weather.WeatherFormatter.format(WeatherFormatter.java:39)
	at org.sonatype.mavenbook.weather.WeatherFormatterTest.testFormat(WeatherFormatterTest.java:38)
	at sun.reflect.NativeMethodAccessorImpl.invoke0(Native Method)
	at sun.reflect.NativeMethodAccessorImpl.invoke(NativeMethodAccessorImpl.java:62)
	at sun.reflect.DelegatingMethodAccessorImpl.invoke(DelegatingMethodAccessorImpl.java:43)
	at java.lang.reflect.Method.invoke(Method.java:497)
	at junit.framework.TestCase.runTest(TestCase.java:176)
	at junit.framework.TestCase.runBare(TestCase.java:141)
	at junit.framework.TestResult$1.protect(TestResult.java:122)
	at junit.framework.TestResult.runProtected(TestResult.java:142)
	at junit.framework.TestResult.run(TestResult.java:125)
	at junit.framework.TestCase.run(TestCase.java:129)
	at junit.framework.TestSuite.runTest(TestSuite.java:252)
	at junit.framework.TestSuite.run(TestSuite.java:247)
	at org.junit.internal.runners.JUnit38ClassRunner.run(JUnit38ClassRunner.java:86)
	at org.apache.maven.surefire.junit4.JUnit4TestSet.execute(JUnit4TestSet.java:53)
	at org.apache.maven.surefire.junit4.JUnit4Provider.executeTestSet(JUnit4Provider.java:123)
	at org.apache.maven.surefire.junit4.JUnit4Provider.invoke(JUnit4Provider.java:104)
	at sun.reflect.NativeMethodAccessorImpl.invoke0(Native Method)
	at sun.reflect.NativeMethodAccessorImpl.invoke(NativeMethodAccessorImpl.java:62)
	at sun.reflect.DelegatingMethodAccessorImpl.invoke(DelegatingMethodAccessorImpl.java:43)
	at java.lang.reflect.Method.invoke(Method.java:497)
	at org.apache.maven.surefire.util.ReflectionUtils.invokeMethodWithArray(ReflectionUtils.java:164)
	at org.apache.maven.surefire.booter.ProviderFactory$ProviderProxy.invoke(ProviderFactory.java:110)
	at org.apache.maven.surefire.booter.SurefireStarter.invokeProvider(SurefireStarter.java:175)
	at org.apache.maven.surefire.booter.SurefireStarter.runSuitesInProcessWhenForked(SurefireStarter.java:107)
	at org.apache.maven.surefire.booter.ForkedBooter.main(ForkedBooter.java:68)
Caused by: java.lang.ClassNotFoundException: org.apache.log.format.Formatter
	at java.net.URLClassLoader.findClass(URLClassLoader.java:381)
	at java.lang.ClassLoader.loadClass(ClassLoader.java:424)
	at sun.misc.Launcher$AppClassLoader.loadClass(Launcher.java:331)
	at java.lang.ClassLoader.loadClass(ClassLoader.java:357)
	... 39 more
2015-10-21 14:27:04,119 - Trying to use logger class org.apache.velocity.runtime.log.Log4JLogChute
2015-10-21 14:27:04,119 - Using logger class org.apache.velocity.runtime.log.Log4JLogChute
2015-10-21 14:27:04,121 - Default ResourceManager initializing. (class org.apache.velocity.runtime.resource.ResourceManagerImpl)
2015-10-21 14:27:04,123 - ResourceLoader instantiated: org.apache.velocity.runtime.resource.loader.FileResourceLoader
2015-10-21 14:27:04,123 - Do unicode file recognition:  false
2015-10-21 14:27:04,123 - FileResourceLoader : adding path '.'
2015-10-21 14:27:04,131 - ResourceCache: initialized (class org.apache.velocity.runtime.resource.ResourceCacheImpl)
2015-10-21 14:27:04,132 - Loaded System Directive: org.apache.velocity.runtime.directive.Literal
2015-10-21 14:27:04,134 - Loaded System Directive: org.apache.velocity.runtime.directive.Macro
2015-10-21 14:27:04,135 - Loaded System Directive: org.apache.velocity.runtime.directive.Parse
2015-10-21 14:27:04,135 - Loaded System Directive: org.apache.velocity.runtime.directive.Include
2015-10-21 14:27:04,136 - Loaded System Directive: org.apache.velocity.runtime.directive.Foreach
2015-10-21 14:27:04,156 - Created '20' parsers.
2015-10-21 14:27:04,161 - Velocimacro : "velocimacro.library" is not set.  Trying default library: VM_global_library.vm
2015-10-21 14:27:04,161 - Velocimacro : Default library not found.
2015-10-21 14:27:04,161 - Velocimacro : allowInline = true : VMs can be defined inline in templates
2015-10-21 14:27:04,161 - Velocimacro : allowInlineToOverride = false : VMs defined inline may NOT replace previous VM definitions
2015-10-21 14:27:04,161 - Velocimacro : allowInlineLocal = false : VMs defined inline will be global in scope if allowed.
2015-10-21 14:27:04,161 - Velocimacro : autoload off : VM system will not automatically reload global library macros
